c:\users\ili48\onedrive\рабочий стол\compiler\compiler\debug\vc142.pdb
c:\users\ili48\onedrive\рабочий стол\compiler\compiler\debug\vc142.idb
c:\users\ili48\onedrive\рабочий стол\compiler\compiler\debug\variable_table.obj
c:\users\ili48\onedrive\рабочий стол\compiler\compiler\debug\variable.obj
c:\users\ili48\onedrive\рабочий стол\compiler\compiler\debug\tree.obj
c:\users\ili48\onedrive\рабочий стол\compiler\compiler\debug\source.obj
c:\users\ili48\onedrive\рабочий стол\compiler\compiler\debug\token.obj
c:\users\ili48\onedrive\рабочий стол\compiler\compiler\debug\parser.obj
c:\users\ili48\onedrive\рабочий стол\compiler\compiler\debug\node.obj
c:\users\ili48\onedrive\рабочий стол\compiler\compiler\debug\lexer.obj
c:\users\ili48\onedrive\рабочий стол\compiler\compiler\debug\codegenerator.obj
c:\users\ili48\onedrive\рабочий стол\compiler\debug\compiler.exe
c:\users\ili48\onedrive\рабочий стол\compiler\debug\compiler.ilk
c:\users\ili48\onedrive\рабочий стол\compiler\debug\compiler.pdb
c:\users\ili48\onedrive\рабочий стол\compiler\compiler\debug\compiler.tlog\cl.command.1.tlog
c:\users\ili48\onedrive\рабочий стол\compiler\compiler\debug\compiler.tlog\cl.read.1.tlog
c:\users\ili48\onedrive\рабочий стол\compiler\compiler\debug\compiler.tlog\cl.write.1.tlog
c:\users\ili48\onedrive\рабочий стол\compiler\compiler\debug\compiler.tlog\link.command.1.tlog
c:\users\ili48\onedrive\рабочий стол\compiler\compiler\debug\compiler.tlog\link.read.1.tlog
c:\users\ili48\onedrive\рабочий стол\compiler\compiler\debug\compiler.tlog\link.write.1.tlog
